<?xml version="1.0" encoding="UTF-8"?>
<testsuite xmlns:xsi="http://www.w3.org/2001/XMLSchema-instance" xsi:noNamespaceSchemaLocation="https://maven.apache.org/surefire/maven-surefire-plugin/xsd/surefire-test-report.xsd" version="3.0.2" name="com.github.knibel.outbox.integration.OutboxIntegrationTest" time="15.718" tests="3" errors="0" skipped="0" failures="0">
  <properties>
[...]
</properties>
  <testcase name="shouldProcessLargeBatchInMultipleCycles" classname="com.github.knibel.outbox.integration.OutboxIntegrationTest" time="2.608">
    <system-out><![CDATA[10:22:58.867 [main] INFO org.testcontainers.images.PullPolicy -- Image pull policy will be performed by: DefaultPullPolicy()
10:22:58.870 [main] INFO org.testcontainers.utility.ImageNameSubstitutor -- Image name substitution will be performed by: DefaultImageNameSubstitutor (composite of 'ConfigurationFileImageNameSubstitutor' and 'PrefixingImageNameSubstitutor')
10:22:58.894 [main] INFO org.testcontainers.DockerClientFactory -- Testcontainers version: 1.20.6
10:22:59.088 [main] INFO org.testcontainers.dockerclient.DockerClientProviderStrategy -- Loaded org.testcontainers.dockerclient.UnixSocketClientProviderStrategy from ~/.testcontainers.properties, will try it first
10:22:59.306 [main] INFO org.testcontainers.dockerclient.DockerClientProviderStrategy -- Found Docker environment with local Unix socket (unix:///var/run/docker.sock)
10:22:59.307 [main] INFO org.testcontainers.DockerClientFactory -- Docker host IP address is localhost
10:22:59.329 [main] INFO org.testcontainers.DockerClientFactory -- Connected to docker: 
  Server Version: 28.0.4
  API Version: 1.48
  Operating System: Ubuntu 24.04.4 LTS
  Total Memory: 15989 MB
10:22:59.356 [main] INFO tc.testcontainers/ryuk:0.11.0 -- Creating container for image: testcontainers/ryuk:0.11.0
10:22:59.461 [main] INFO tc.testcontainers/ryuk:0.11.0 -- Container testcontainers/ryuk:0.11.0 is starting: b740bcc6186b8a8ceceaba80fed492fb50e2ca48f90cd6f356351d42ea5c4d55
10:22:59.707 [main] INFO tc.testcontainers/ryuk:0.11.0 -- Container testcontainers/ryuk:0.11.0 started in PT0.351362409S
10:22:59.712 [main] INFO org.testcontainers.utility.RyukResourceReaper -- Ryuk started - will monitor and terminate Testcontainers containers on JVM exit
10:22:59.712 [main] INFO org.testcontainers.DockerClientFactory -- Checking the system...
10:22:59.712 [main] INFO org.testcontainers.DockerClientFactory -- ✔︎ Docker server version should be at least 1.6.0
10:22:59.713 [main] INFO tc.confluentinc/cp-kafka:7.6.0 -- Creating container for image: confluentinc/cp-kafka:7.6.0
10:22:59.730 [main] INFO tc.confluentinc/cp-kafka:7.6.0 -- Container confluentinc/cp-kafka:7.6.0 is starting: ddfec2955fa31f7dc021ae5306c3e957788e7f5163d0b35eefba58d581506afe
10:23:04.907 [main] INFO tc.confluentinc/cp-kafka:7.6.0 -- Container confluentinc/cp-kafka:7.6.0 started in PT5.194129662S
10:23:04.907 [main] INFO tc.postgres:16-alpine -- Creating container for image: postgres:16-alpine
10:23:04.934 [main] INFO tc.postgres:16-alpine -- Container postgres:16-alpine is starting: 9fd1e4383798828d399fbc01b53a76fb0605c72d8b8076434ba489dd7795230e
10:23:06.418 [main] INFO tc.postgres:16-alpine -- Container postgres:16-alpine started in PT1.510356155S
10:23:06.420 [main] INFO tc.postgres:16-alpine -- Container is started (JDBC URL: jdbc:postgresql://localhost:32799/outbox_test?loggerLevel=OFF)
10:23:06.444 [main] INFO org.apache.kafka.clients.admin.AdminClientConfig -- AdminClientConfig values: 
	auto.include.jmx.reporter = true
	bootstrap.controllers = []
	bootstrap.servers = [PLAINTEXT://localhost:32798]
	client.dns.lookup = use_all_dns_ips
	client.id = 
	connections.max.idle.ms = 300000
	default.api.timeout.ms = 60000
	enable.metrics.push = true
	metadata.max.age.ms = 300000
	metadata.recovery.strategy = none
	metric.reporters = []
	metrics.num.samples = 2
	metrics.recording.level = INFO
	metrics.sample.window.ms = 30000
	receive.buffer.bytes = 65536
	reconnect.backoff.max.ms = 1000
	reconnect.backoff.ms = 50
	request.timeout.ms = 30000
	retries = 2147483647
	retry.backoff.max.ms = 1000
	retry.backoff.ms = 100
	sasl.client.callback.handler.class = null
	sasl.jaas.config = null
	sasl.kerberos.kinit.cmd = /usr/bin/kinit
	sasl.kerberos.min.time.before.relogin = 60000
	sasl.kerberos.service.name = null
	sasl.kerberos.ticket.renew.jitter = 0.05
	sasl.kerberos.ticket.renew.window.factor = 0.8
	sasl.login.callback.handler.class = null
	sasl.login.class = null
	sasl.login.connect.timeout.ms = null
	sasl.login.read.timeout.ms = null
	sasl.login.refresh.buffer.seconds = 300
	sasl.login.refresh.min.period.seconds = 60
	sasl.login.refresh.window.factor = 0.8
	sasl.login.refresh.window.jitter = 0.05
	sasl.login.retry.backoff.max.ms = 10000
	sasl.login.retry.backoff.ms = 100
	sasl.mechanism = GSSAPI
	sasl.oauthbearer.clock.skew.seconds = 30
	sasl.oauthbearer.expected.audience = null
	sasl.oauthbearer.expected.issuer = null
	sasl.oauthbearer.header.urlencode = false
	sasl.oauthbearer.jwks.endpoint.refresh.ms = 3600000
	sasl.oauthbearer.jwks.endpoint.retry.backoff.max.ms = 10000
	sasl.oauthbearer.jwks.endpoint.retry.backoff.ms = 100
	sasl.oauthbearer.jwks.endpoint.url = null
	sasl.oauthbearer.scope.claim.name = scope
	sasl.oauthbearer.sub.claim.name = sub
	sasl.oauthbearer.token.endpoint.url = null
	security.protocol = PLAINTEXT
	security.providers = null
	send.buffer.bytes = 131072
	socket.connection.setup.timeout.max.ms = 30000
	socket.connection.setup.timeout.ms = 10000
	ssl.cipher.suites = null
	ssl.enabled.protocols = [TLSv1.2, TLSv1.3]
	ssl.endpoint.identification.algorithm = https
	ssl.engine.factory.class = null
	ssl.key.password = null
	ssl.keymanager.algorithm = SunX509
	ssl.keystore.certificate.chain = null
	ssl.keystore.key = null
	ssl.keystore.location = null
	ssl.keystore.password = null
	ssl.keystore.type = JKS
	ssl.protocol = TLSv1.3
	ssl.provider = null
	ssl.secure.random.implementation = null
	ssl.trustmanager.algorithm = PKIX
	ssl.truststore.certificates = null
	ssl.truststore.location = null
	ssl.truststore.password = null
	ssl.truststore.type = JKS

10:23:06.586 [main] INFO org.apache.kafka.common.utils.AppInfoParser -- Kafka version: 3.9.0
10:23:06.586 [main] INFO org.apache.kafka.common.utils.AppInfoParser -- Kafka commitId: 84caaa6e9da06435
10:23:06.587 [main] INFO org.apache.kafka.common.utils.AppInfoParser -- Kafka startTimeMs: 1775902986585
10:23:07.050 [kafka-admin-client-thread | adminclient-1] INFO org.apache.kafka.common.utils.AppInfoParser -- App info kafka.admin.client for adminclient-1 unregistered
10:23:07.056 [kafka-admin-client-thread | adminclient-1] INFO org.apache.kafka.common.metrics.Metrics -- Metrics scheduler closed
10:23:07.057 [kafka-admin-client-thread | adminclient-1] INFO org.apache.kafka.common.metrics.Metrics -- Closing reporter org.apache.kafka.common.metrics.JmxReporter
10:23:07.057 [kafka-admin-client-thread | adminclient-1] INFO org.apache.kafka.common.metrics.Metrics -- Metrics reporters closed

  .   ____          _            __ _ _
 /\\ / ___'_ __ _ _(_)_ __  __ _ \ \ \ \
( ( )\___ | '_ | '_| | '_ \/ _` | \ \ \ \
 \\/  ___)| |_)| | | | | || (_| |  ) ) ) )
  '  |____| .__|_| |_|_| |_\__, | / / / /
 =========|_|==============|___/=/_/_/_/

 :: Spring Boot ::                (v3.4.4)

2026-04-11T10:23:07.400Z  INFO 16379 --- [           main] c.g.k.o.i.OutboxIntegrationTest          : Starting OutboxIntegrationTest using Java 25.0.2 with PID 16379 (started by runner in /home/runner/work/sql-outbox-kafka-adapter/sql-outbox-kafka-adapter)
2026-04-11T10:23:07.402Z  INFO 16379 --- [           main] c.g.k.o.i.OutboxIntegrationTest          : No active profile set, falling back to 1 default profile: "default"
2026-04-11T10:23:08.336Z  INFO 16379 --- [           main] o.a.k.clients.producer.ProducerConfig    : ProducerConfig values: 
	acks = -1
	auto.include.jmx.reporter = true
	batch.size = 16384
	bootstrap.servers = [PLAINTEXT://localhost:32798]
	buffer.memory = 33554432
	client.dns.lookup = use_all_dns_ips
	client.id = producer-1
	compression.gzip.level = -1
	compression.lz4.level = 9
	compression.type = none
	compression.zstd.level = 3
	connections.max.idle.ms = 540000
	delivery.timeout.ms = 120000
	enable.idempotence = true
	enable.metrics.push = true
	interceptor.classes = []
	key.serializer = class org.apache.kafka.common.serialization.StringSerializer
	linger.ms = 0
	max.block.ms = 60000
	max.in.flight.requests.per.connection = 5
	max.request.size = 1048576
	metadata.max.age.ms = 300000
	metadata.max.idle.ms = 300000
	metadata.recovery.strategy = none
	metric.reporters = []
	metrics.num.samples = 2
	metrics.recording.level = INFO
	metrics.sample.window.ms = 30000
	partitioner.adaptive.partitioning.enable = true
	partitioner.availability.timeout.ms = 0
	partitioner.class = null
	partitioner.ignore.keys = false
	receive.buffer.bytes = 32768
	reconnect.backoff.max.ms = 1000
	reconnect.backoff.ms = 50
	request.timeout.ms = 30000
	retries = 2147483647
	retry.backoff.max.ms = 1000
	retry.backoff.ms = 100
	sasl.client.callback.handler.class = null
	sasl.jaas.config = null
	sasl.kerberos.kinit.cmd = /usr/bin/kinit
	sasl.kerberos.min.time.before.relogin = 60000
	sasl.kerberos.service.name = null
	sasl.kerberos.ticket.renew.jitter = 0.05
	sasl.kerberos.ticket.renew.window.factor = 0.8
	sasl.login.callback.handler.class = null
	sasl.login.class = null
	sasl.login.connect.timeout.ms = null
	sasl.login.read.timeout.ms = null
	sasl.login.refresh.buffer.seconds = 300
	sasl.login.refresh.min.period.seconds = 60
	sasl.login.refresh.window.factor = 0.8
	sasl.login.refresh.window.jitter = 0.05
	sasl.login.retry.backoff.max.ms = 10000
	sasl.login.retry.backoff.ms = 100
	sasl.mechanism = GSSAPI
	sasl.oauthbearer.clock.skew.seconds = 30
	sasl.oauthbearer.expected.audience = null
	sasl.oauthbearer.expected.issuer = null
	sasl.oauthbearer.header.urlencode = false
	sasl.oauthbearer.jwks.endpoint.refresh.ms = 3600000
	sasl.oauthbearer.jwks.endpoint.retry.backoff.max.ms = 10000
	sasl.oauthbearer.jwks.endpoint.retry.backoff.ms = 100
	sasl.oauthbearer.jwks.endpoint.url = null
	sasl.oauthbearer.scope.claim.name = scope
	sasl.oauthbearer.sub.claim.name = sub
	sasl.oauthbearer.token.endpoint.url = null
	security.protocol = PLAINTEXT
	security.providers = null
	send.buffer.bytes = 131072
	socket.connection.setup.timeout.max.ms = 30000
	socket.connection.setup.timeout.ms = 10000
	ssl.cipher.suites = null
	ssl.enabled.protocols = [TLSv1.2, TLSv1.3]
	ssl.endpoint.identification.algorithm = https
	ssl.engine.factory.class = null
	ssl.key.password = null
	ssl.keymanager.algorithm = SunX509
	ssl.keystore.certificate.chain = null
	ssl.keystore.key = null
	ssl.keystore.location = null
	ssl.keystore.password = null
	ssl.keystore.type = JKS
	ssl.protocol = TLSv1.3
	ssl.provider = null
	ssl.secure.random.implementation = null
	ssl.trustmanager.algorithm = PKIX
	ssl.truststore.certificates = null
	ssl.truststore.location = null
	ssl.truststore.password = null
	ssl.truststore.type = JKS
	transaction.timeout.ms = 60000
	transactional.id = null
	value.serializer = class org.apache.kafka.common.serialization.StringSerializer

2026-04-11T10:23:08.358Z  INFO 16379 --- [           main] o.a.k.c.t.i.KafkaMetricsCollector        : initializing Kafka metrics collector
2026-04-11T10:23:08.365Z  INFO 16379 --- [           main] o.a.k.clients.producer.KafkaProducer     : [Producer clientId=producer-1] Instantiated an idempotent producer.
2026-04-11T10:23:08.384Z  INFO 16379 --- [           main] o.a.kafka.common.utils.AppInfoParser     : Kafka version: 3.9.0
2026-04-11T10:23:08.385Z  INFO 16379 --- [           main] o.a.kafka.common.utils.AppInfoParser     : Kafka commitId: 84caaa6e9da06435
2026-04-11T10:23:08.385Z  INFO 16379 --- [           main] o.a.kafka.common.utils.AppInfoParser     : Kafka startTimeMs: 1775902988384
2026-04-11T10:23:08.403Z  INFO 16379 --- [ad | producer-1] org.apache.kafka.clients.Metadata        : [Producer clientId=producer-1] Cluster ID: 6M_hPta7Q5y_iSgibqSceQ
2026-04-11T10:23:08.525Z  INFO 16379 --- [ad | producer-1] o.a.k.c.p.internals.TransactionManager   : [Producer clientId=producer-1] ProducerId set to 0 with epoch 0
2026-04-11T10:23:08.701Z  INFO 16379 --- [           main] c.g.k.o.polling.OutboxPollerRegistry     : Started outbox poller for table 'test_outbox' (interval=200ms, batch=10)
2026-04-11T10:23:08.706Z  INFO 16379 --- [ler-test_outbox] com.zaxxer.hikari.HikariDataSource       : HikariPool-1 - Starting...
2026-04-11T10:23:08.718Z  INFO 16379 --- [           main] c.g.k.o.i.OutboxIntegrationTest          : Started OutboxIntegrationTest in 1.633 seconds (process running for 10.659)
2026-04-11T10:23:08.937Z  INFO 16379 --- [ler-test_outbox] com.zaxxer.hikari.pool.HikariPool        : HikariPool-1 - Added connection org.postgresql.jdbc.PgConnection@5af0d8ae
2026-04-11T10:23:08.942Z  INFO 16379 --- [ler-test_outbox] com.zaxxer.hikari.HikariDataSource       : HikariPool-1 - Start completed.
2026-04-11T10:23:08.983Z  WARN 16379 --- [ler-test_outbox] c.g.knibel.outbox.polling.OutboxPoller   : Stuck-row reset failed for table 'test_outbox': PreparedStatementCallback; bad SQL grammar [UPDATE "test_outbox" SET "status" = ? WHERE "status" = ? AND "updated_at" < ?]
2026-04-11T10:23:08.990Z ERROR 16379 --- [ler-test_outbox] c.g.knibel.outbox.polling.OutboxPoller   : Failed to claim batch from table 'test_outbox': PreparedStatementCallback; bad SQL grammar [SELECT "id", "aggregate_id", "payload", "headers_json" FROM "test_outbox" WHERE "status" = ? ORDER BY "id" LIMIT ? FOR UPDATE SKIP LOCKED]

org.springframework.jdbc.BadSqlGrammarException: PreparedStatementCallback; bad SQL grammar [SELECT "id", "aggregate_id", "payload", "headers_json" FROM "test_outbox" WHERE "status" = ? ORDER BY "id" LIMIT ? FOR UPDATE SKIP LOCKED]
	at org.springframework.jdbc.support.SQLStateSQLExceptionTranslator.doTranslate(SQLStateSQLExceptionTranslator.java:112) ~[spring-jdbc-6.2.5.jar:6.2.5]
	at org.springframework.jdbc.support.AbstractFallbackSQLExceptionTranslator.translate(AbstractFallbackSQLExceptionTranslator.java:107) ~[spring-jdbc-6.2.5.jar:6.2.5]
	at org.springframework.jdbc.support.AbstractFallbackSQLExceptionTranslator.translate(AbstractFallbackSQLExceptionTranslator.java:116) ~[spring-jdbc-6.2.5.jar:6.2.5]
	at org.springframework.jdbc.core.JdbcTemplate.translateException(JdbcTemplate.java:1556) ~[spring-jdbc-6.2.5.jar:6.2.5]
	at org.springframework.jdbc.core.JdbcTemplate.execute(JdbcTemplate.java:677) ~[spring-jdbc-6.2.5.jar:6.2.5]
	at org.springframework.jdbc.core.JdbcTemplate.query(JdbcTemplate.java:723) ~[spring-jdbc-6.2.5.jar:6.2.5]
	at org.springframework.jdbc.core.JdbcTemplate.query(JdbcTemplate.java:754) ~[spring-jdbc-6.2.5.jar:6.2.5]
	at org.springframework.jdbc.core.JdbcTemplate.query(JdbcTemplate.java:767) ~[spring-jdbc-6.2.5.jar:6.2.5]
	at org.springframework.jdbc.core.JdbcTemplate.query(JdbcTemplate.java:825) ~[spring-jdbc-6.2.5.jar:6.2.5]
	at com.github.knibel.outbox.jdbc.OutboxRepository.claimWithInProgress(OutboxRepository.java:184) ~[classes/:na]
	at com.github.knibel.outbox.jdbc.OutboxRepository.claimBatch(OutboxRepository.java:77) ~[classes/:na]
	at java.base/jdk.internal.reflect.DirectMethodHandleAccessor.invoke(DirectMethodHandleAccessor.java:104) ~[na:na]
	at java.base/java.lang.reflect.Method.invoke(Method.java:565) ~[na:na]
	at org.springframework.aop.support.AopUtils.invokeJoinpointUsingReflection(AopUtils.java:359) ~[spring-aop-6.2.5.jar:6.2.5]
	at org.springframework.aop.framework.ReflectiveMethodInvocation.invokeJoinpoint(ReflectiveMethodInvocation.java:196) ~[spring-aop-6.2.5.jar:6.2.5]
	at org.springframework.aop.framework.ReflectiveMethodInvocation.proceed(ReflectiveMethodInvocation.java:163) ~[spring-aop-6.2.5.jar:6.2.5]
	at org.springframework.dao.support.PersistenceExceptionTranslationInterceptor.invoke(PersistenceExceptionTranslationInterceptor.java:138) ~[spring-tx-6.2.5.jar:6.2.5]
	at org.springframework.aop.framework.ReflectiveMethodInvocation.proceed(ReflectiveMethodInvocation.java:184) ~[spring-aop-6.2.5.jar:6.2.5]
	at org.springframework.transaction.interceptor.TransactionAspectSupport.invokeWithinTransaction(TransactionAspectSupport.java:380) ~[spring-tx-6.2.5.jar:6.2.5]
	at org.springframework.transaction.interceptor.TransactionInterceptor.invoke(TransactionInterceptor.java:119) ~[spring-tx-6.2.5.jar:6.2.5]
	at org.springframework.aop.framework.ReflectiveMethodInvocation.proceed(ReflectiveMethodInvocation.java:184) ~[spring-aop-6.2.5.jar:6.2.5]
	at org.springframework.aop.framework.CglibAopProxy$DynamicAdvisedInterceptor.intercept(CglibAopProxy.java:727) ~[spring-aop-6.2.5.jar:6.2.5]
	at com.github.knibel.outbox.jdbc.OutboxRepository$$SpringCGLIB$$0.claimBatch(<generated>) ~[classes/:na]
	at com.github.knibel.outbox.polling.OutboxPoller.poll(OutboxPoller.java:80) ~[classes/:na]
	at com.github.knibel.outbox.polling.OutboxPollerRegistry.runPollerLoop(OutboxPollerRegistry.java:129) ~[classes/:na]
	at com.github.knibel.outbox.polling.OutboxPollerRegistry.lambda$start$0(OutboxPollerRegistry.java:78) ~[classes/:na]
	at java.base/java.lang.VirtualThread.run(VirtualThread.java:456) ~[na:na]
Caused by: org.postgresql.util.PSQLException: ERROR: relation "test_outbox" does not exist
  Position: 61
	at org.postgresql.core.v3.QueryExecutorImpl.receiveErrorResponse(QueryExecutorImpl.java:2734) ~[postgresql-42.7.7.jar:42.7.7]
	at org.postgresql.core.v3.QueryExecutorImpl.processResults(QueryExecutorImpl.java:2421) ~[postgresql-42.7.7.jar:42.7.7]
	at org.postgresql.core.v3.QueryExecutorImpl.execute(QueryExecutorImpl.java:372) ~[postgresql-42.7.7.jar:42.7.7]
	at org.postgresql.jdbc.PgStatement.executeInternal(PgStatement.java:518) ~[postgresql-42.7.7.jar:42.7.7]
	at org.postgresql.jdbc.PgStatement.execute(PgStatement.java:435) ~[postgresql-42.7.7.jar:42.7.7]
	at org.postgresql.jdbc.PgPreparedStatement.executeWithFlags(PgPreparedStatement.java:196) ~[postgresql-42.7.7.jar:42.7.7]
	at org.postgresql.jdbc.PgPreparedStatement.executeQuery(PgPreparedStatement.java:139) ~[postgresql-42.7.7.jar:42.7.7]
	at com.zaxxer.hikari.pool.ProxyPreparedStatement.executeQuery(ProxyPreparedStatement.java:52) ~[HikariCP-5.1.0.jar:na]
	at com.zaxxer.hikari.pool.HikariProxyPreparedStatement.executeQuery(HikariProxyPreparedStatement.java) ~[HikariCP-5.1.0.jar:na]
	at org.springframework.jdbc.core.JdbcTemplate$1.doInPreparedStatement(JdbcTemplate.java:732) ~[spring-jdbc-6.2.5.jar:6.2.5]
	at org.springframework.jdbc.core.JdbcTemplate.execute(JdbcTemplate.java:658) ~[spring-jdbc-6.2.5.jar:6.2.5]
	... 22 common frames omitted

2026-04-11T10:23:09.198Z  WARN 16379 --- [ler-test_outbox] c.g.knibel.outbox.polling.OutboxPoller   : Stuck-row reset failed for table 'test_outbox': PreparedStatementCallback; bad SQL grammar [UPDATE "test_outbox" SET "status" = ? WHERE "status" = ? AND "updated_at" < ?]
2026-04-11T10:23:09.207Z ERROR 16379 --- [ler-test_outbox] c.g.knibel.outbox.polling.OutboxPoller   : Failed to claim batch from table 'test_outbox': PreparedStatementCallback; bad SQL grammar [SELECT "id", "aggregate_id", "payload", "headers_json" FROM "test_outbox" WHERE "status" = ? ORDER BY "id" LIMIT ? FOR UPDATE SKIP LOCKED]

org.springframework.jdbc.BadSqlGrammarException: PreparedStatementCallback; bad SQL grammar [SELECT "id", "aggregate_id", "payload", "headers_json" FROM "test_outbox" WHERE "status" = ? ORDER BY "id" LIMIT ? FOR UPDATE SKIP LOCKED]
	at org.springframework.jdbc.support.SQLStateSQLExceptionTranslator.doTranslate(SQLStateSQLExceptionTranslator.java:112) ~[spring-jdbc-6.2.5.jar:6.2.5]
	at org.springframework.jdbc.support.AbstractFallbackSQLExceptionTranslator.translate(AbstractFallbackSQLExceptionTranslator.java:107) ~[spring-jdbc-6.2.5.jar:6.2.5]
	at org.springframework.jdbc.support.AbstractFallbackSQLExceptionTranslator.translate(AbstractFallbackSQLExceptionTranslator.java:116) ~[spring-jdbc-6.2.5.jar:6.2.5]
	at org.springframework.jdbc.core.JdbcTemplate.translateException(JdbcTemplate.java:1556) ~[spring-jdbc-6.2.5.jar:6.2.5]
	at org.springframework.jdbc.core.JdbcTemplate.execute(JdbcTemplate.java:677) ~[spring-jdbc-6.2.5.jar:6.2.5]
	at org.springframework.jdbc.core.JdbcTemplate.query(JdbcTemplate.java:723) ~[spring-jdbc-6.2.5.jar:6.2.5]
	at org.springframework.jdbc.core.JdbcTemplate.query(JdbcTemplate.java:754) ~[spring-jdbc-6.2.5.jar:6.2.5]
	at org.springframework.jdbc.core.JdbcTemplate.query(JdbcTemplate.java:767) ~[spring-jdbc-6.2.5.jar:6.2.5]
	at org.springframework.jdbc.core.JdbcTemplate.query(JdbcTemplate.java:825) ~[spring-jdbc-6.2.5.jar:6.2.5]
	at com.github.knibel.outbox.jdbc.OutboxRepository.claimWithInProgress(OutboxRepository.java:184) ~[classes/:na]
	at com.github.knibel.outbox.jdbc.OutboxRepository.claimBatch(OutboxRepository.java:77) ~[classes/:na]
	at java.base/jdk.internal.reflect.DirectMethodHandleAccessor.invoke(DirectMethodHandleAccessor.java:104) ~[na:na]
	at java.base/java.lang.reflect.Method.invoke(Method.java:565) ~[na:na]
	at org.springframework.aop.support.AopUtils.invokeJoinpointUsingReflection(AopUtils.java:359) ~[spring-aop-6.2.5.jar:6.2.5]
	at org.springframework.aop.framework.ReflectiveMethodInvocation.invokeJoinpoint(ReflectiveMethodInvocation.java:196) ~[spring-aop-6.2.5.jar:6.2.5]
	at org.springframework.aop.framework.ReflectiveMethodInvocation.proceed(ReflectiveMethodInvocation.java:163) ~[spring-aop-6.2.5.jar:6.2.5]
	at org.springframework.dao.support.PersistenceExceptionTranslationInterceptor.invoke(PersistenceExceptionTranslationInterceptor.java:138) ~[spring-tx-6.2.5.jar:6.2.5]
	at org.springframework.aop.framework.ReflectiveMethodInvocation.proceed(ReflectiveMethodInvocation.java:184) ~[spring-aop-6.2.5.jar:6.2.5]
	at org.springframework.transaction.interceptor.TransactionAspectSupport.invokeWithinTransaction(TransactionAspectSupport.java:380) ~[spring-tx-6.2.5.jar:6.2.5]
	at org.springframework.transaction.interceptor.TransactionInterceptor.invoke(TransactionInterceptor.java:119) ~[spring-tx-6.2.5.jar:6.2.5]
	at org.springframework.aop.framework.ReflectiveMethodInvocation.proceed(ReflectiveMethodInvocation.java:184) ~[spring-aop-6.2.5.jar:6.2.5]
	at org.springframework.aop.framework.CglibAopProxy$DynamicAdvisedInterceptor.intercept(CglibAopProxy.java:727) ~[spring-aop-6.2.5.jar:6.2.5]
	at com.github.knibel.outbox.jdbc.OutboxRepository$$SpringCGLIB$$0.claimBatch(<generated>) ~[classes/:na]
	at com.github.knibel.outbox.polling.OutboxPoller.poll(OutboxPoller.java:80) ~[classes/:na]
	at com.github.knibel.outbox.polling.OutboxPollerRegistry.runPollerLoop(OutboxPollerRegistry.java:129) ~[classes/:na]
	at com.github.knibel.outbox.polling.OutboxPollerRegistry.lambda$start$0(OutboxPollerRegistry.java:78) ~[classes/:na]
	at java.base/java.lang.VirtualThread.run(VirtualThread.java:456) ~[na:na]
Caused by: org.postgresql.util.PSQLException: ERROR: relation "test_outbox" does not exist
  Position: 61
	at org.postgresql.core.v3.QueryExecutorImpl.receiveErrorResponse(QueryExecutorImpl.java:2734) ~[postgresql-42.7.7.jar:42.7.7]
	at org.postgresql.core.v3.QueryExecutorImpl.processResults(QueryExecutorImpl.java:2421) ~[postgresql-42.7.7.jar:42.7.7]
	at org.postgresql.core.v3.QueryExecutorImpl.execute(QueryExecutorImpl.java:372) ~[postgresql-42.7.7.jar:42.7.7]
	at org.postgresql.jdbc.PgStatement.executeInternal(PgStatement.java:518) ~[postgresql-42.7.7.jar:42.7.7]
	at org.postgresql.jdbc.PgStatement.execute(PgStatement.java:435) ~[postgresql-42.7.7.jar:42.7.7]
	at org.postgresql.jdbc.PgPreparedStatement.executeWithFlags(PgPreparedStatement.java:196) ~[postgresql-42.7.7.jar:42.7.7]
	at org.postgresql.jdbc.PgPreparedStatement.executeQuery(PgPreparedStatement.java:139) ~[postgresql-42.7.7.jar:42.7.7]
	at com.zaxxer.hikari.pool.ProxyPreparedStatement.executeQuery(ProxyPreparedStatement.java:52) ~[HikariCP-5.1.0.jar:na]
	at com.zaxxer.hikari.pool.HikariProxyPreparedStatement.executeQuery(HikariProxyPreparedStatement.java) ~[HikariCP-5.1.0.jar:na]
	at org.springframework.jdbc.core.JdbcTemplate$1.doInPreparedStatement(JdbcTemplate.java:732) ~[spring-jdbc-6.2.5.jar:6.2.5]
	at org.springframework.jdbc.core.JdbcTemplate.execute(JdbcTemplate.java:658) ~[spring-jdbc-6.2.5.jar:6.2.5]
	... 22 common frames omitted

2026-04-11T10:23:09.412Z  WARN 16379 --- [ler-test_outbox] c.g.knibel.outbox.polling.OutboxPoller   : Stuck-row reset failed for table 'test_outbox': PreparedStatementCallback; bad SQL grammar [UPDATE "test_outbox" SET "status" = ? WHERE "status" = ? AND "updated_at" < ?]
2026-04-11T10:23:09.414Z ERROR 16379 --- [ler-test_outbox] c.g.knibel.outbox.polling.OutboxPoller   : Failed to claim batch from table 'test_outbox': PreparedStatementCallback; bad SQL grammar [SELECT "id", "aggregate_id", "payload", "headers_json" FROM "test_outbox" WHERE "status" = ? ORDER BY "id" LIMIT ? FOR UPDATE SKIP LOCKED]

org.springframework.jdbc.BadSqlGrammarException: PreparedStatementCallback; bad SQL grammar [SELECT "id", "aggregate_id", "payload", "headers_json" FROM "test_outbox" WHERE "status" = ? ORDER BY "id" LIMIT ? FOR UPDATE SKIP LOCKED]
	at org.springframework.jdbc.support.SQLStateSQLExceptionTranslator.doTranslate(SQLStateSQLExceptionTranslator.java:112) ~[spring-jdbc-6.2.5.jar:6.2.5]
	at org.springframework.jdbc.support.AbstractFallbackSQLExceptionTranslator.translate(AbstractFallbackSQLExceptionTranslator.java:107) ~[spring-jdbc-6.2.5.jar:6.2.5]
	at org.springframework.jdbc.support.AbstractFallbackSQLExceptionTranslator.translate(AbstractFallbackSQLExceptionTranslator.java:116) ~[spring-jdbc-6.2.5.jar:6.2.5]
	at org.springframework.jdbc.core.JdbcTemplate.translateException(JdbcTemplate.java:1556) ~[spring-jdbc-6.2.5.jar:6.2.5]
	at org.springframework.jdbc.core.JdbcTemplate.execute(JdbcTemplate.java:677) ~[spring-jdbc-6.2.5.jar:6.2.5]
	at org.springframework.jdbc.core.JdbcTemplate.query(JdbcTemplate.java:723) ~[spring-jdbc-6.2.5.jar:6.2.5]
	at org.springframework.jdbc.core.JdbcTemplate.query(JdbcTemplate.java:754) ~[spring-jdbc-6.2.5.jar:6.2.5]
	at org.springframework.jdbc.core.JdbcTemplate.query(JdbcTemplate.java:767) ~[spring-jdbc-6.2.5.jar:6.2.5]
	at org.springframework.jdbc.core.JdbcTemplate.query(JdbcTemplate.java:825) ~[spring-jdbc-6.2.5.jar:6.2.5]
	at com.github.knibel.outbox.jdbc.OutboxRepository.claimWithInProgress(OutboxRepository.java:184) ~[classes/:na]
	at com.github.knibel.outbox.jdbc.OutboxRepository.claimBatch(OutboxRepository.java:77) ~[classes/:na]
	at java.base/jdk.internal.reflect.DirectMethodHandleAccessor.invoke(DirectMethodHandleAccessor.java:104) ~[na:na]
	at java.base/java.lang.reflect.Method.invoke(Method.java:565) ~[na:na]
	at org.springframework.aop.support.AopUtils.invokeJoinpointUsingReflection(AopUtils.java:359) ~[spring-aop-6.2.5.jar:6.2.5]
	at org.springframework.aop.framework.ReflectiveMethodInvocation.invokeJoinpoint(ReflectiveMethodInvocation.java:196) ~[spring-aop-6.2.5.jar:6.2.5]
	at org.springframework.aop.framework.ReflectiveMethodInvocation.proceed(ReflectiveMethodInvocation.java:163) ~[spring-aop-6.2.5.jar:6.2.5]
	at org.springframework.dao.support.PersistenceExceptionTranslationInterceptor.invoke(PersistenceExceptionTranslationInterceptor.java:138) ~[spring-tx-6.2.5.jar:6.2.5]
	at org.springframework.aop.framework.ReflectiveMethodInvocation.proceed(ReflectiveMethodInvocation.java:184) ~[spring-aop-6.2.5.jar:6.2.5]
	at org.springframework.transaction.interceptor.TransactionAspectSupport.invokeWithinTransaction(TransactionAspectSupport.java:380) ~[spring-tx-6.2.5.jar:6.2.5]
	at org.springframework.transaction.interceptor.TransactionInterceptor.invoke(TransactionInterceptor.java:119) ~[spring-tx-6.2.5.jar:6.2.5]
	at org.springframework.aop.framework.ReflectiveMethodInvocation.proceed(ReflectiveMethodInvocation.java:184) ~[spring-aop-6.2.5.jar:6.2.5]
	at org.springframework.aop.framework.CglibAopProxy$DynamicAdvisedInterceptor.intercept(CglibAopProxy.java:727) ~[spring-aop-6.2.5.jar:6.2.5]
	at com.github.knibel.outbox.jdbc.OutboxRepository$$SpringCGLIB$$0.claimBatch(<generated>) ~[classes/:na]
	at com.github.knibel.outbox.polling.OutboxPoller.poll(OutboxPoller.java:80) ~[classes/:na]
	at com.github.knibel.outbox.polling.OutboxPollerRegistry.runPollerLoop(OutboxPollerRegistry.java:129) ~[classes/:na]
	at com.github.knibel.outbox.polling.OutboxPollerRegistry.lambda$start$0(OutboxPollerRegistry.java:78) ~[classes/:na]
	at java.base/java.lang.VirtualThread.run(VirtualThread.java:456) ~[na:na]
Caused by: org.postgresql.util.PSQLException: ERROR: relation "test_outbox" does not exist
  Position: 61
	at org.postgresql.core.v3.QueryExecutorImpl.receiveErrorResponse(QueryExecutorImpl.java:2734) ~[postgresql-42.7.7.jar:42.7.7]
	at org.postgresql.core.v3.QueryExecutorImpl.processResults(QueryExecutorImpl.java:2421) ~[postgresql-42.7.7.jar:42.7.7]
	at org.postgresql.core.v3.QueryExecutorImpl.execute(QueryExecutorImpl.java:372) ~[postgresql-42.7.7.jar:42.7.7]
	at org.postgresql.jdbc.PgStatement.executeInternal(PgStatement.java:518) ~[postgresql-42.7.7.jar:42.7.7]
	at org.postgresql.jdbc.PgStatement.execute(PgStatement.java:435) ~[postgresql-42.7.7.jar:42.7.7]
	at org.postgresql.jdbc.PgPreparedStatement.executeWithFlags(PgPreparedStatement.java:196) ~[postgresql-42.7.7.jar:42.7.7]
	at org.postgresql.jdbc.PgPreparedStatement.executeQuery(PgPreparedStatement.java:139) ~[postgresql-42.7.7.jar:42.7.7]
	at com.zaxxer.hikari.pool.ProxyPreparedStatement.executeQuery(ProxyPreparedStatement.java:52) ~[HikariCP-5.1.0.jar:na]
	at com.zaxxer.hikari.pool.HikariProxyPreparedStatement.executeQuery(HikariProxyPreparedStatement.java) ~[HikariCP-5.1.0.jar:na]
	at org.springframework.jdbc.core.JdbcTemplate$1.doInPreparedStatement(JdbcTemplate.java:732) ~[spring-jdbc-6.2.5.jar:6.2.5]
	at org.springframework.jdbc.core.JdbcTemplate.execute(JdbcTemplate.java:658) ~[spring-jdbc-6.2.5.jar:6.2.5]
	... 22 common frames omitted

2026-04-11T10:23:09.563Z  INFO 16379 --- [           main] o.a.k.clients.consumer.ConsumerConfig    : ConsumerConfig values: 
	allow.auto.create.topics = true
	auto.commit.interval.ms = 5000
	auto.include.jmx.reporter = true
	auto.offset.reset = latest
	bootstrap.servers = [PLAINTEXT://localhost:32798]
	check.crcs = true
	client.dns.lookup = use_all_dns_ips
	client.id = consumer-outbox-test-consumer-b0bcadc1-eb48-46b9-b64a-65a7083fb9c6-1
	client.rack = 
	connections.max.idle.ms = 540000
	default.api.timeout.ms = 60000
	enable.auto.commit = true
	enable.metrics.push = true
	exclude.internal.topics = true
	fetch.max.bytes = 52428800
	fetch.max.wait.ms = 500
	fetch.min.bytes = 1
	group.id = outbox-test-consumer-b0bcadc1-eb48-46b9-b64a-65a7083fb9c6
	group.instance.id = null
	group.protocol = classic
	group.remote.assignor = null
	heartbeat.interval.ms = 3000
	interceptor.classes = []
	internal.leave.group.on.close = true
	internal.throw.on.fetch.stable.offset.unsupported = false
	isolation.level = read_uncommitted
	key.deserializer = class org.apache.kafka.common.serialization.StringDeserializer
	max.partition.fetch.bytes = 1048576
	max.poll.interval.ms = 300000
	max.poll.records = 500
	metadata.max.age.ms = 300000
	metadata.recovery.strategy = none
	metric.reporters = []
	metrics.num.samples = 2
	metrics.recording.level = INFO
	metrics.sample.window.ms = 30000
	partition.assignment.strategy = [class org.apache.kafka.clients.consumer.RangeAssignor, class org.apache.kafka.clients.consumer.CooperativeStickyAssignor]
	receive.buffer.bytes = 65536
	reconnect.backoff.max.ms = 1000
	reconnect.backoff.ms = 50
	request.timeout.ms = 30000
	retry.backoff.max.ms = 1000
	retry.backoff.ms = 100
	sasl.client.callback.handler.class = null
	sasl.jaas.config = null
	sasl.kerberos.kinit.cmd = /usr/bin/kinit
	sasl.kerberos.min.time.before.relogin = 60000
	sasl.kerberos.service.name = null
	sasl.kerberos.ticket.renew.jitter = 0.05
	sasl.kerberos.ticket.renew.window.factor = 0.8
	sasl.login.callback.handler.class = null
	sasl.login.class = null
	sasl.login.connect.timeout.ms = null
	sasl.login.read.timeout.ms = null
	sasl.login.refresh.buffer.seconds = 300
	sasl.login.refresh.min.period.seconds = 60
	sasl.login.refresh.window.factor = 0.8
	sasl.login.refresh.window.jitter = 0.05
	sasl.login.retry.backoff.max.ms = 10000
	sasl.login.retry.backoff.ms = 100
	sasl.mechanism = GSSAPI
	sasl.oauthbearer.clock.skew.seconds = 30
	sasl.oauthbearer.expected.audience = null
	sasl.oauthbearer.expected.issuer = null
	sasl.oauthbearer.header.urlencode = false
	sasl.oauthbearer.jwks.endpoint.refresh.ms = 3600000
	sasl.oauthbearer.jwks.endpoint.retry.backoff.max.ms = 10000
	sasl.oauthbearer.jwks.endpoint.retry.backoff.ms = 100
	sasl.oauthbearer.jwks.endpoint.url = null
	sasl.oauthbearer.scope.claim.name = scope
	sasl.oauthbearer.sub.claim.name = sub
	sasl.oauthbearer.token.endpoint.url = null
	security.protocol = PLAINTEXT
	security.providers = null
	send.buffer.bytes = 131072
	session.timeout.ms = 45000
	socket.connection.setup.timeout.max.ms = 30000
	socket.connection.setup.timeout.ms = 10000
	ssl.cipher.suites = null
	ssl.enabled.protocols = [TLSv1.2, TLSv1.3]
	ssl.endpoint.identification.algorithm = https
	ssl.engine.factory.class = null
	ssl.key.password = null
	ssl.keymanager.algorithm = SunX509
	ssl.keystore.certificate.chain = null
	ssl.keystore.key = null
	ssl.keystore.location = null
	ssl.keystore.password = null
	ssl.keystore.type = JKS
	ssl.protocol = TLSv1.3
	ssl.provider = null
	ssl.secure.random.implementation = null
	ssl.trustmanager.algorithm = PKIX
	ssl.truststore.certificates = null
	ssl.truststore.location = null
	ssl.truststore.password = null
	ssl.truststore.type = JKS
	value.deserializer = class org.apache.kafka.common.serialization.StringDeserializer

2026-04-11T10:23:09.573Z  INFO 16379 --- [           main] o.a.k.c.t.i.KafkaMetricsCollector        : initializing Kafka metrics collector
2026-04-11T10:23:09.612Z  INFO 16379 --- [           main] o.a.kafka.common.utils.AppInfoParser     : Kafka version: 3.9.0
2026-04-11T10:23:09.613Z  INFO 16379 --- [           main] o.a.kafka.common.utils.AppInfoParser     : Kafka commitId: 84caaa6e9da06435
2026-04-11T10:23:09.613Z  INFO 16379 --- [           main] o.a.kafka.common.utils.AppInfoParser     : Kafka startTimeMs: 1775902989612
2026-04-11T10:23:09.614Z  INFO 16379 --- [           main] o.a.k.c.c.i.ClassicKafkaConsumer         : [Consumer clientId=consumer-outbox-test-consumer-b0bcadc1-eb48-46b9-b64a-65a7083fb9c6-1, groupId=outbox-test-consumer-b0bcadc1-eb48-46b9-b64a-65a7083fb9c6] Subscribed to topic(s): test-topic
2026-04-11T10:23:09.632Z  INFO 16379 --- [           main] org.apache.kafka.clients.Metadata        : [Consumer clientId=consumer-outbox-test-consumer-b0bcadc1-eb48-46b9-b64a-65a7083fb9c6-1, groupId=outbox-test-consumer-b0bcadc1-eb48-46b9-b64a-65a7083fb9c6] Cluster ID: 6M_hPta7Q5y_iSgibqSceQ
2026-04-11T10:23:09.779Z  INFO 16379 --- [           main] o.a.k.c.c.internals.ConsumerCoordinator  : [Consumer clientId=consumer-outbox-test-consumer-b0bcadc1-eb48-46b9-b64a-65a7083fb9c6-1, groupId=outbox-test-consumer-b0bcadc1-eb48-46b9-b64a-65a7083fb9c6] Discovered group coordinator localhost:32798 (id: 2147483646 rack: null)
2026-04-11T10:23:09.784Z  INFO 16379 --- [           main] o.a.k.c.c.internals.ConsumerCoordinator  : [Consumer clientId=consumer-outbox-test-consumer-b0bcadc1-eb48-46b9-b64a-65a7083fb9c6-1, groupId=outbox-test-consumer-b0bcadc1-eb48-46b9-b64a-65a7083fb9c6] (Re-)joining group
2026-04-11T10:23:09.806Z  INFO 16379 --- [           main] o.a.k.c.c.internals.ConsumerCoordinator  : [Consumer clientId=consumer-outbox-test-consumer-b0bcadc1-eb48-46b9-b64a-65a7083fb9c6-1, groupId=outbox-test-consumer-b0bcadc1-eb48-46b9-b64a-65a7083fb9c6] Request joining group due to: need to re-join with the given member-id: consumer-outbox-test-consumer-b0bcadc1-eb48-46b9-b64a-65a7083fb9c6-1-d43af550-6bee-4206-acd9-961f76d8ad75
2026-04-11T10:23:09.807Z  INFO 16379 --- [           main] o.a.k.c.c.internals.ConsumerCoordinator  : [Consumer clientId=consumer-outbox-test-consumer-b0bcadc1-eb48-46b9-b64a-65a7083fb9c6-1, groupId=outbox-test-consumer-b0bcadc1-eb48-46b9-b64a-65a7083fb9c6] (Re-)joining group
2026-04-11T10:23:09.823Z  INFO 16379 --- [           main] o.a.k.c.c.internals.ConsumerCoordinator  : [Consumer clientId=consumer-outbox-test-consumer-b0bcadc1-eb48-46b9-b64a-65a7083fb9c6-1, groupId=outbox-test-consumer-b0bcadc1-eb48-46b9-b64a-65a7083fb9c6] Successfully joined group with generation Generation{generationId=1, memberId='consumer-outbox-test-consumer-b0bcadc1-eb48-46b9-b64a-65a7083fb9c6-1-d43af550-6bee-4206-acd9-961f76d8ad75', protocol='range'}
2026-04-11T10:23:09.839Z  INFO 16379 --- [           main] o.a.k.c.c.internals.ConsumerCoordinator  : [Consumer clientId=consumer-outbox-test-consumer-b0bcadc1-eb48-46b9-b64a-65a7083fb9c6-1, groupId=outbox-test-consumer-b0bcadc1-eb48-46b9-b64a-65a7083fb9c6] Finished assignment for group at generation 1: {consumer-outbox-test-consumer-b0bcadc1-eb48-46b9-b64a-65a7083fb9c6-1-d43af550-6bee-4206-acd9-961f76d8ad75=Assignment(partitions=[test-topic-0])}
2026-04-11T10:23:09.895Z  INFO 16379 --- [           main] o.a.k.c.c.internals.ConsumerCoordinator  : [Consumer clientId=consumer-outbox-test-consumer-b0bcadc1-eb48-46b9-b64a-65a7083fb9c6-1, groupId=outbox-test-consumer-b0bcadc1-eb48-46b9-b64a-65a7083fb9c6] Successfully synced group in generation Generation{generationId=1, memberId='consumer-outbox-test-consumer-b0bcadc1-eb48-46b9-b64a-65a7083fb9c6-1-d43af550-6bee-4206-acd9-961f76d8ad75', protocol='range'}
2026-04-11T10:23:09.897Z  INFO 16379 --- [           main] o.a.k.c.c.internals.ConsumerCoordinator  : [Consumer clientId=consumer-outbox-test-consumer-b0bcadc1-eb48-46b9-b64a-65a7083fb9c6-1, groupId=outbox-test-consumer-b0bcadc1-eb48-46b9-b64a-65a7083fb9c6] Notifying assignor about the new Assignment(partitions=[test-topic-0])
2026-04-11T10:23:09.899Z  INFO 16379 --- [           main] k.c.c.i.ConsumerRebalanceListenerInvoker : [Consumer clientId=consumer-outbox-test-consumer-b0bcadc1-eb48-46b9-b64a-65a7083fb9c6-1, groupId=outbox-test-consumer-b0bcadc1-eb48-46b9-b64a-65a7083fb9c6] Adding newly assigned partitions: test-topic-0
2026-04-11T10:23:09.920Z  INFO 16379 --- [           main] o.a.k.c.c.internals.ConsumerCoordinator  : [Consumer clientId=consumer-outbox-test-consumer-b0bcadc1-eb48-46b9-b64a-65a7083fb9c6-1, groupId=outbox-test-consumer-b0bcadc1-eb48-46b9-b64a-65a7083fb9c6] Found no committed offset for partition test-topic-0
2026-04-11T10:23:09.939Z  INFO 16379 --- [           main] o.a.k.c.c.internals.SubscriptionState    : [Consumer clientId=consumer-outbox-test-consumer-b0bcadc1-eb48-46b9-b64a-65a7083fb9c6-1, groupId=outbox-test-consumer-b0bcadc1-eb48-46b9-b64a-65a7083fb9c6] Resetting offset for partition test-topic-0 to position FetchPosition{offset=0, offsetEpoch=Optional.empty, currentLeader=LeaderAndEpoch{leader=Optional[localhost:32798 (id: 1 rack: null)], epoch=0}}.
2026-04-11T10:23:10.835Z  INFO 16379 --- [           main] k.c.c.i.ConsumerRebalanceListenerInvoker : [Consumer clientId=consumer-outbox-test-consumer-b0bcadc1-eb48-46b9-b64a-65a7083fb9c6-1, groupId=outbox-test-consumer-b0bcadc1-eb48-46b9-b64a-65a7083fb9c6] Revoke previously assigned partitions test-topic-0
2026-04-11T10:23:10.835Z  INFO 16379 --- [           main] o.a.k.c.c.internals.ConsumerCoordinator  : [Consumer clientId=consumer-outbox-test-consumer-b0bcadc1-eb48-46b9-b64a-65a7083fb9c6-1, groupId=outbox-test-consumer-b0bcadc1-eb48-46b9-b64a-65a7083fb9c6] Member consumer-outbox-test-consumer-b0bcadc1-eb48-46b9-b64a-65a7083fb9c6-1-d43af550-6bee-4206-acd9-961f76d8ad75 sending LeaveGroup request to coordinator localhost:32798 (id: 2147483646 rack: null) due to the consumer is being closed
2026-04-11T10:23:10.836Z  INFO 16379 --- [           main] o.a.k.c.c.internals.ConsumerCoordinator  : [Consumer clientId=consumer-outbox-test-consumer-b0bcadc1-eb48-46b9-b64a-65a7083fb9c6-1, groupId=outbox-test-consumer-b0bcadc1-eb48-46b9-b64a-65a7083fb9c6] Resetting generation and member id due to: consumer pro-actively leaving the group
2026-04-11T10:23:10.836Z  INFO 16379 --- [           main] o.a.k.c.c.internals.ConsumerCoordinator  : [Consumer clientId=consumer-outbox-test-consumer-b0bcadc1-eb48-46b9-b64a-65a7083fb9c6-1, groupId=outbox-test-consumer-b0bcadc1-eb48-46b9-b64a-65a7083fb9c6] Request joining group due to: consumer pro-actively leaving the group
2026-04-11T10:23:11.314Z  INFO 16379 --- [           main] o.apache.kafka.common.metrics.Metrics    : Metrics scheduler closed
2026-04-11T10:23:11.314Z  INFO 16379 --- [           main] o.apache.kafka.common.metrics.Metrics    : Closing reporter org.apache.kafka.common.metrics.JmxReporter
2026-04-11T10:23:11.314Z  INFO 16379 --- [           main] o.apache.kafka.common.metrics.Metrics    : Closing reporter org.apache.kafka.common.telemetry.internals.ClientTelemetryReporter
2026-04-11T10:23:11.315Z  INFO 16379 --- [           main] o.apache.kafka.common.metrics.Metrics    : Metrics reporters closed
2026-04-11T10:23:11.322Z  INFO 16379 --- [           main] o.a.kafka.common.utils.AppInfoParser     : App info kafka.consumer for consumer-outbox-test-consumer-b0bcadc1-eb48-46b9-b64a-65a7083fb9c6-1 unregistered
]]></system-out>
    <system-err><![CDATA[Mockito is currently self-attaching to enable the inline-mock-maker. This will no longer work in future releases of the JDK. Please add Mockito as an agent to your build what is described in Mockito's documentation: https://javadoc.io/doc/org.mockito/mockito-core/latest/org/mockito/Mockito.html#0.3
WARNING: A Java agent has been loaded dynamically (/home/runner/.m2/repository/net/bytebuddy/byte-buddy-agent/1.15.11/byte-buddy-agent-1.15.11.jar)
WARNING: If a serviceability tool is in use, please run with -XX:+EnableDynamicAgentLoading to hide this warning
WARNING: If a serviceability tool is not in use, please run with -Djdk.instrument.traceUsage for more information
WARNING: Dynamic loading of agents will be disallowed by default in a future release
]]></system-err>
  </testcase>
  <testcase name="shouldResetStuckRowsAndReprocess" classname="com.github.knibel.outbox.integration.OutboxIntegrationTest" time="1.341">
    <system-out><![CDATA[2026-04-11T10:23:11.344Z  INFO 16379 --- [           main] o.a.k.clients.consumer.ConsumerConfig    : ConsumerConfig values: 
	allow.auto.create.topics = true
	auto.commit.interval.ms = 5000
	auto.include.jmx.reporter = true
	auto.offset.reset = latest
	bootstrap.servers = [PLAINTEXT://localhost:32798]
	check.crcs = true
	client.dns.lookup = use_all_dns_ips
	client.id = consumer-outbox-test-consumer-4ec6312a-dc5e-4f9d-9212-90870cb74e44-2
	client.rack = 
	connections.max.idle.ms = 540000
	default.api.timeout.ms = 60000
	enable.auto.commit = true
	enable.metrics.push = true
	exclude.internal.topics = true
	fetch.max.bytes = 52428800
	fetch.max.wait.ms = 500
	fetch.min.bytes = 1
	group.id = outbox-test-consumer-4ec6312a-dc5e-4f9d-9212-90870cb74e44
	group.instance.id = null
	group.protocol = classic
	group.remote.assignor = null
	heartbeat.interval.ms = 3000
	interceptor.classes = []
	internal.leave.group.on.close = true
	internal.throw.on.fetch.stable.offset.unsupported = false
	isolation.level = read_uncommitted
	key.deserializer = class org.apache.kafka.common.serialization.StringDeserializer
	max.partition.fetch.bytes = 1048576
	max.poll.interval.ms = 300000
	max.poll.records = 500
	metadata.max.age.ms = 300000
	metadata.recovery.strategy = none
	metric.reporters = []
	metrics.num.samples = 2
	metrics.recording.level = INFO
	metrics.sample.window.ms = 30000
	partition.assignment.strategy = [class org.apache.kafka.clients.consumer.RangeAssignor, class org.apache.kafka.clients.consumer.CooperativeStickyAssignor]
	receive.buffer.bytes = 65536
	reconnect.backoff.max.ms = 1000
	reconnect.backoff.ms = 50
	request.timeout.ms = 30000
	retry.backoff.max.ms = 1000
	retry.backoff.ms = 100
	sasl.client.callback.handler.class = null
	sasl.jaas.config = null
	sasl.kerberos.kinit.cmd = /usr/bin/kinit
	sasl.kerberos.min.time.before.relogin = 60000
	sasl.kerberos.service.name = null
	sasl.kerberos.ticket.renew.jitter = 0.05
	sasl.kerberos.ticket.renew.window.factor = 0.8
	sasl.login.callback.handler.class = null
	sasl.login.class = null
	sasl.login.connect.timeout.ms = null
	sasl.login.read.timeout.ms = null
	sasl.login.refresh.buffer.seconds = 300
	sasl.login.refresh.min.period.seconds = 60
	sasl.login.refresh.window.factor = 0.8
	sasl.login.refresh.window.jitter = 0.05
	sasl.login.retry.backoff.max.ms = 10000
	sasl.login.retry.backoff.ms = 100
	sasl.mechanism = GSSAPI
	sasl.oauthbearer.clock.skew.seconds = 30
	sasl.oauthbearer.expected.audience = null
	sasl.oauthbearer.expected.issuer = null
	sasl.oauthbearer.header.urlencode = false
	sasl.oauthbearer.jwks.endpoint.refresh.ms = 3600000
	sasl.oauthbearer.jwks.endpoint.retry.backoff.max.ms = 10000
	sasl.oauthbearer.jwks.endpoint.retry.backoff.ms = 100
	sasl.oauthbearer.jwks.endpoint.url = null
	sasl.oauthbearer.scope.claim.name = scope
	sasl.oauthbearer.sub.claim.name = sub
	sasl.oauthbearer.token.endpoint.url = null
	security.protocol = PLAINTEXT
	security.providers = null
	send.buffer.bytes = 131072
	session.timeout.ms = 45000
	socket.connection.setup.timeout.max.ms = 30000
	socket.connection.setup.timeout.ms = 10000
	ssl.cipher.suites = null
	ssl.enabled.protocols = [TLSv1.2, TLSv1.3]
	ssl.endpoint.identification.algorithm = https
	ssl.engine.factory.class = null
	ssl.key.password = null
	ssl.keymanager.algorithm = SunX509
	ssl.keystore.certificate.chain = null
	ssl.keystore.key = null
	ssl.keystore.location = null
	ssl.keystore.password = null
	ssl.keystore.type = JKS
	ssl.protocol = TLSv1.3
	ssl.provider = null
	ssl.secure.random.implementation = null
	ssl.trustmanager.algorithm = PKIX
	ssl.truststore.certificates = null
	ssl.truststore.location = null
	ssl.truststore.password = null
	ssl.truststore.type = JKS
	value.deserializer = class org.apache.kafka.common.serialization.StringDeserializer

2026-04-11T10:23:11.344Z  INFO 16379 --- [           main] o.a.k.c.t.i.KafkaMetricsCollector        : initializing Kafka metrics collector
2026-04-11T10:23:11.351Z  INFO 16379 --- [           main] o.a.kafka.common.utils.AppInfoParser     : Kafka version: 3.9.0
2026-04-11T10:23:11.351Z  INFO 16379 --- [           main] o.a.kafka.common.utils.AppInfoParser     : Kafka commitId: 84caaa6e9da06435
2026-04-11T10:23:11.351Z  INFO 16379 --- [           main] o.a.kafka.common.utils.AppInfoParser     : Kafka startTimeMs: 1775902991351
2026-04-11T10:23:11.351Z  INFO 16379 --- [           main] o.a.k.c.c.i.ClassicKafkaConsumer         : [Consumer clientId=consumer-outbox-test-consumer-4ec6312a-dc5e-4f9d-9212-90870cb74e44-2, groupId=outbox-test-consumer-4ec6312a-dc5e-4f9d-9212-90870cb74e44] Subscribed to topic(s): test-topic
2026-04-11T10:23:11.361Z  INFO 16379 --- [           main] org.apache.kafka.clients.Metadata        : [Consumer clientId=consumer-outbox-test-consumer-4ec6312a-dc5e-4f9d-9212-90870cb74e44-2, groupId=outbox-test-consumer-4ec6312a-dc5e-4f9d-9212-90870cb74e44] Cluster ID: 6M_hPta7Q5y_iSgibqSceQ
2026-04-11T10:23:11.362Z  INFO 16379 --- [           main] o.a.k.c.c.internals.ConsumerCoordinator  : [Consumer clientId=consumer-outbox-test-consumer-4ec6312a-dc5e-4f9d-9212-90870cb74e44-2, groupId=outbox-test-consumer-4ec6312a-dc5e-4f9d-9212-90870cb74e44] Discovered group coordinator localhost:32798 (id: 2147483646 rack: null)
2026-04-11T10:23:11.364Z  INFO 16379 --- [           main] o.a.k.c.c.internals.ConsumerCoordinator  : [Consumer clientId=consumer-outbox-test-consumer-4ec6312a-dc5e-4f9d-9212-90870cb74e44-2, groupId=outbox-test-consumer-4ec6312a-dc5e-4f9d-9212-90870cb74e44] (Re-)joining group
2026-04-11T10:23:11.368Z  INFO 16379 --- [           main] o.a.k.c.c.internals.ConsumerCoordinator  : [Consumer clientId=consumer-outbox-test-consumer-4ec6312a-dc5e-4f9d-9212-90870cb74e44-2, groupId=outbox-test-consumer-4ec6312a-dc5e-4f9d-9212-90870cb74e44] Request joining group due to: need to re-join with the given member-id: consumer-outbox-test-consumer-4ec6312a-dc5e-4f9d-9212-90870cb74e44-2-777233e8-18ca-4d45-b912-cf154e15f643
2026-04-11T10:23:11.368Z  INFO 16379 --- [           main] o.a.k.c.c.internals.ConsumerCoordinator  : [Consumer clientId=consumer-outbox-test-consumer-4ec6312a-dc5e-4f9d-9212-90870cb74e44-2, groupId=outbox-test-consumer-4ec6312a-dc5e-4f9d-9212-90870cb74e44] (Re-)joining group
2026-04-11T10:23:11.371Z  INFO 16379 --- [           main] o.a.k.c.c.internals.ConsumerCoordinator  : [Consumer clientId=consumer-outbox-test-consumer-4ec6312a-dc5e-4f9d-9212-90870cb74e44-2, groupId=outbox-test-consumer-4ec6312a-dc5e-4f9d-9212-90870cb74e44] Successfully joined group with generation Generation{generationId=1, memberId='consumer-outbox-test-consumer-4ec6312a-dc5e-4f9d-9212-90870cb74e44-2-777233e8-18ca-4d45-b912-cf154e15f643', protocol='range'}
2026-04-11T10:23:11.372Z  INFO 16379 --- [           main] o.a.k.c.c.internals.ConsumerCoordinator  : [Consumer clientId=consumer-outbox-test-consumer-4ec6312a-dc5e-4f9d-9212-90870cb74e44-2, groupId=outbox-test-consumer-4ec6312a-dc5e-4f9d-9212-90870cb74e44] Finished assignment for group at generation 1: {consumer-outbox-test-consumer-4ec6312a-dc5e-4f9d-9212-90870cb74e44-2-777233e8-18ca-4d45-b912-cf154e15f643=Assignment(partitions=[test-topic-0])}
2026-04-11T10:23:11.376Z  INFO 16379 --- [           main] o.a.k.c.c.internals.ConsumerCoordinator  : [Consumer clientId=consumer-outbox-test-consumer-4ec6312a-dc5e-4f9d-9212-90870cb74e44-2, groupId=outbox-test-consumer-4ec6312a-dc5e-4f9d-9212-90870cb74e44] Successfully synced group in generation Generation{generationId=1, memberId='consumer-outbox-test-consumer-4ec6312a-dc5e-4f9d-9212-90870cb74e44-2-777233e8-18ca-4d45-b912-cf154e15f643', protocol='range'}
2026-04-11T10:23:11.376Z  INFO 16379 --- [           main] o.a.k.c.c.internals.ConsumerCoordinator  : [Consumer clientId=consumer-outbox-test-consumer-4ec6312a-dc5e-4f9d-9212-90870cb74e44-2, groupId=outbox-test-consumer-4ec6312a-dc5e-4f9d-9212-90870cb74e44] Notifying assignor about the new Assignment(partitions=[test-topic-0])
2026-04-11T10:23:11.376Z  INFO 16379 --- [           main] k.c.c.i.ConsumerRebalanceListenerInvoker : [Consumer clientId=consumer-outbox-test-consumer-4ec6312a-dc5e-4f9d-9212-90870cb74e44-2, groupId=outbox-test-consumer-4ec6312a-dc5e-4f9d-9212-90870cb74e44] Adding newly assigned partitions: test-topic-0
2026-04-11T10:23:11.378Z  INFO 16379 --- [           main] o.a.k.c.c.internals.ConsumerCoordinator  : [Consumer clientId=consumer-outbox-test-consumer-4ec6312a-dc5e-4f9d-9212-90870cb74e44-2, groupId=outbox-test-consumer-4ec6312a-dc5e-4f9d-9212-90870cb74e44] Found no committed offset for partition test-topic-0
2026-04-11T10:23:11.385Z  INFO 16379 --- [           main] o.a.k.c.c.internals.SubscriptionState    : [Consumer clientId=consumer-outbox-test-consumer-4ec6312a-dc5e-4f9d-9212-90870cb74e44-2, groupId=outbox-test-consumer-4ec6312a-dc5e-4f9d-9212-90870cb74e44] Resetting offset for partition test-topic-0 to position FetchPosition{offset=25, offsetEpoch=Optional.empty, currentLeader=LeaderAndEpoch{leader=Optional[localhost:32798 (id: 1 rack: null)], epoch=0}}.
2026-04-11T10:23:12.005Z  WARN 16379 --- [ler-test_outbox] c.g.knibel.outbox.jdbc.OutboxRepository  : Reset 1 stuck row(s) in table 'test_outbox' back to PENDING
2026-04-11T10:23:12.005Z  WARN 16379 --- [ler-test_outbox] c.g.knibel.outbox.polling.OutboxPoller   : Recovered 1 stuck row(s) in table 'test_outbox'
2026-04-11T10:23:12.167Z  INFO 16379 --- [           main] k.c.c.i.ConsumerRebalanceListenerInvoker : [Consumer clientId=consumer-outbox-test-consumer-4ec6312a-dc5e-4f9d-9212-90870cb74e44-2, groupId=outbox-test-consumer-4ec6312a-dc5e-4f9d-9212-90870cb74e44] Revoke previously assigned partitions test-topic-0
2026-04-11T10:23:12.167Z  INFO 16379 --- [           main] o.a.k.c.c.internals.ConsumerCoordinator  : [Consumer clientId=consumer-outbox-test-consumer-4ec6312a-dc5e-4f9d-9212-90870cb74e44-2, groupId=outbox-test-consumer-4ec6312a-dc5e-4f9d-9212-90870cb74e44] Member consumer-outbox-test-consumer-4ec6312a-dc5e-4f9d-9212-90870cb74e44-2-777233e8-18ca-4d45-b912-cf154e15f643 sending LeaveGroup request to coordinator localhost:32798 (id: 2147483646 rack: null) due to the consumer is being closed
2026-04-11T10:23:12.168Z  INFO 16379 --- [           main] o.a.k.c.c.internals.ConsumerCoordinator  : [Consumer clientId=consumer-outbox-test-consumer-4ec6312a-dc5e-4f9d-9212-90870cb74e44-2, groupId=outbox-test-consumer-4ec6312a-dc5e-4f9d-9212-90870cb74e44] Resetting generation and member id due to: consumer pro-actively leaving the group
2026-04-11T10:23:12.168Z  INFO 16379 --- [           main] o.a.k.c.c.internals.ConsumerCoordinator  : [Consumer clientId=consumer-outbox-test-consumer-4ec6312a-dc5e-4f9d-9212-90870cb74e44-2, groupId=outbox-test-consumer-4ec6312a-dc5e-4f9d-9212-90870cb74e44] Request joining group due to: consumer pro-actively leaving the group
2026-04-11T10:23:12.669Z  INFO 16379 --- [           main] o.apache.kafka.common.metrics.Metrics    : Metrics scheduler closed
2026-04-11T10:23:12.669Z  INFO 16379 --- [           main] o.apache.kafka.common.metrics.Metrics    : Closing reporter org.apache.kafka.common.metrics.JmxReporter
2026-04-11T10:23:12.669Z  INFO 16379 --- [           main] o.apache.kafka.common.metrics.Metrics    : Closing reporter org.apache.kafka.common.telemetry.internals.ClientTelemetryReporter
2026-04-11T10:23:12.669Z  INFO 16379 --- [           main] o.apache.kafka.common.metrics.Metrics    : Metrics reporters closed
2026-04-11T10:23:12.675Z  INFO 16379 --- [           main] o.a.kafka.common.utils.AppInfoParser     : App info kafka.consumer for consumer-outbox-test-consumer-4ec6312a-dc5e-4f9d-9212-90870cb74e44-2 unregistered
]]></system-out>
  </testcase>
  <testcase name="shouldPublishPendingRowsToKafkaAndMarkThem_done" classname="com.github.knibel.outbox.integration.OutboxIntegrationTest" time="1.238">
    <system-out><![CDATA[2026-04-11T10:23:12.686Z  INFO 16379 --- [           main] o.a.k.clients.consumer.ConsumerConfig    : ConsumerConfig values: 
	allow.auto.create.topics = true
	auto.commit.interval.ms = 5000
	auto.include.jmx.reporter = true
	auto.offset.reset = latest
	bootstrap.servers = [PLAINTEXT://localhost:32798]
	check.crcs = true
	client.dns.lookup = use_all_dns_ips
	client.id = consumer-outbox-test-consumer-8bd1521b-d230-437e-93c6-510ce1e5374b-3
	client.rack = 
	connections.max.idle.ms = 540000
	default.api.timeout.ms = 60000
	enable.auto.commit = true
	enable.metrics.push = true
	exclude.internal.topics = true
	fetch.max.bytes = 52428800
	fetch.max.wait.ms = 500
	fetch.min.bytes = 1
	group.id = outbox-test-consumer-8bd1521b-d230-437e-93c6-510ce1e5374b
	group.instance.id = null
	group.protocol = classic
	group.remote.assignor = null
	heartbeat.interval.ms = 3000
	interceptor.classes = []
	internal.leave.group.on.close = true
	internal.throw.on.fetch.stable.offset.unsupported = false
	isolation.level = read_uncommitted
	key.deserializer = class org.apache.kafka.common.serialization.StringDeserializer
	max.partition.fetch.bytes = 1048576
	max.poll.interval.ms = 300000
	max.poll.records = 500
	metadata.max.age.ms = 300000
	metadata.recovery.strategy = none
	metric.reporters = []
	metrics.num.samples = 2
	metrics.recording.level = INFO
	metrics.sample.window.ms = 30000
	partition.assignment.strategy = [class org.apache.kafka.clients.consumer.RangeAssignor, class org.apache.kafka.clients.consumer.CooperativeStickyAssignor]
	receive.buffer.bytes = 65536
	reconnect.backoff.max.ms = 1000
	reconnect.backoff.ms = 50
	request.timeout.ms = 30000
	retry.backoff.max.ms = 1000
	retry.backoff.ms = 100
	sasl.client.callback.handler.class = null
	sasl.jaas.config = null
	sasl.kerberos.kinit.cmd = /usr/bin/kinit
	sasl.kerberos.min.time.before.relogin = 60000
	sasl.kerberos.service.name = null
	sasl.kerberos.ticket.renew.jitter = 0.05
	sasl.kerberos.ticket.renew.window.factor = 0.8
	sasl.login.callback.handler.class = null
	sasl.login.class = null
	sasl.login.connect.timeout.ms = null
	sasl.login.read.timeout.ms = null
	sasl.login.refresh.buffer.seconds = 300
	sasl.login.refresh.min.period.seconds = 60
	sasl.login.refresh.window.factor = 0.8
	sasl.login.refresh.window.jitter = 0.05
	sasl.login.retry.backoff.max.ms = 10000
	sasl.login.retry.backoff.ms = 100
	sasl.mechanism = GSSAPI
	sasl.oauthbearer.clock.skew.seconds = 30
	sasl.oauthbearer.expected.audience = null
	sasl.oauthbearer.expected.issuer = null
	sasl.oauthbearer.header.urlencode = false
	sasl.oauthbearer.jwks.endpoint.refresh.ms = 3600000
	sasl.oauthbearer.jwks.endpoint.retry.backoff.max.ms = 10000
	sasl.oauthbearer.jwks.endpoint.retry.backoff.ms = 100
	sasl.oauthbearer.jwks.endpoint.url = null
	sasl.oauthbearer.scope.claim.name = scope
	sasl.oauthbearer.sub.claim.name = sub
	sasl.oauthbearer.token.endpoint.url = null
	security.protocol = PLAINTEXT
	security.providers = null
	send.buffer.bytes = 131072
	session.timeout.ms = 45000
	socket.connection.setup.timeout.max.ms = 30000
	socket.connection.setup.timeout.ms = 10000
	ssl.cipher.suites = null
	ssl.enabled.protocols = [TLSv1.2, TLSv1.3]
	ssl.endpoint.identification.algorithm = https
	ssl.engine.factory.class = null
	ssl.key.password = null
	ssl.keymanager.algorithm = SunX509
	ssl.keystore.certificate.chain = null
	ssl.keystore.key = null
	ssl.keystore.location = null
	ssl.keystore.password = null
	ssl.keystore.type = JKS
	ssl.protocol = TLSv1.3
	ssl.provider = null
	ssl.secure.random.implementation = null
	ssl.trustmanager.algorithm = PKIX
	ssl.truststore.certificates = null
	ssl.truststore.location = null
	ssl.truststore.password = null
	ssl.truststore.type = JKS
	value.deserializer = class org.apache.kafka.common.serialization.StringDeserializer

2026-04-11T10:23:12.687Z  INFO 16379 --- [           main] o.a.k.c.t.i.KafkaMetricsCollector        : initializing Kafka metrics collector
2026-04-11T10:23:12.692Z  INFO 16379 --- [           main] o.a.kafka.common.utils.AppInfoParser     : Kafka version: 3.9.0
2026-04-11T10:23:12.692Z  INFO 16379 --- [           main] o.a.kafka.common.utils.AppInfoParser     : Kafka commitId: 84caaa6e9da06435
2026-04-11T10:23:12.692Z  INFO 16379 --- [           main] o.a.kafka.common.utils.AppInfoParser     : Kafka startTimeMs: 1775902992692
2026-04-11T10:23:12.693Z  INFO 16379 --- [           main] o.a.k.c.c.i.ClassicKafkaConsumer         : [Consumer clientId=consumer-outbox-test-consumer-8bd1521b-d230-437e-93c6-510ce1e5374b-3, groupId=outbox-test-consumer-8bd1521b-d230-437e-93c6-510ce1e5374b] Subscribed to topic(s): test-topic
2026-04-11T10:23:12.700Z  INFO 16379 --- [           main] org.apache.kafka.clients.Metadata        : [Consumer clientId=consumer-outbox-test-consumer-8bd1521b-d230-437e-93c6-510ce1e5374b-3, groupId=outbox-test-consumer-8bd1521b-d230-437e-93c6-510ce1e5374b] Cluster ID: 6M_hPta7Q5y_iSgibqSceQ
2026-04-11T10:23:12.701Z  INFO 16379 --- [           main] o.a.k.c.c.internals.ConsumerCoordinator  : [Consumer clientId=consumer-outbox-test-consumer-8bd1521b-d230-437e-93c6-510ce1e5374b-3, groupId=outbox-test-consumer-8bd1521b-d230-437e-93c6-510ce1e5374b] Discovered group coordinator localhost:32798 (id: 2147483646 rack: null)
2026-04-11T10:23:12.704Z  INFO 16379 --- [           main] o.a.k.c.c.internals.ConsumerCoordinator  : [Consumer clientId=consumer-outbox-test-consumer-8bd1521b-d230-437e-93c6-510ce1e5374b-3, groupId=outbox-test-consumer-8bd1521b-d230-437e-93c6-510ce1e5374b] (Re-)joining group
2026-04-11T10:23:12.709Z  INFO 16379 --- [           main] o.a.k.c.c.internals.ConsumerCoordinator  : [Consumer clientId=consumer-outbox-test-consumer-8bd1521b-d230-437e-93c6-510ce1e5374b-3, groupId=outbox-test-consumer-8bd1521b-d230-437e-93c6-510ce1e5374b] Request joining group due to: need to re-join with the given member-id: consumer-outbox-test-consumer-8bd1521b-d230-437e-93c6-510ce1e5374b-3-e1441b6f-a9ae-4d35-bca5-4302ff1de59b
2026-04-11T10:23:12.710Z  INFO 16379 --- [           main] o.a.k.c.c.internals.ConsumerCoordinator  : [Consumer clientId=consumer-outbox-test-consumer-8bd1521b-d230-437e-93c6-510ce1e5374b-3, groupId=outbox-test-consumer-8bd1521b-d230-437e-93c6-510ce1e5374b] (Re-)joining group
2026-04-11T10:23:12.715Z  INFO 16379 --- [           main] o.a.k.c.c.internals.ConsumerCoordinator  : [Consumer clientId=consumer-outbox-test-consumer-8bd1521b-d230-437e-93c6-510ce1e5374b-3, groupId=outbox-test-consumer-8bd1521b-d230-437e-93c6-510ce1e5374b] Successfully joined group with generation Generation{generationId=1, memberId='consumer-outbox-test-consumer-8bd1521b-d230-437e-93c6-510ce1e5374b-3-e1441b6f-a9ae-4d35-bca5-4302ff1de59b', protocol='range'}
2026-04-11T10:23:12.716Z  INFO 16379 --- [           main] o.a.k.c.c.internals.ConsumerCoordinator  : [Consumer clientId=consumer-outbox-test-consumer-8bd1521b-d230-437e-93c6-510ce1e5374b-3, groupId=outbox-test-consumer-8bd1521b-d230-437e-93c6-510ce1e5374b] Finished assignment for group at generation 1: {consumer-outbox-test-consumer-8bd1521b-d230-437e-93c6-510ce1e5374b-3-e1441b6f-a9ae-4d35-bca5-4302ff1de59b=Assignment(partitions=[test-topic-0])}
2026-04-11T10:23:12.720Z  INFO 16379 --- [           main] o.a.k.c.c.internals.ConsumerCoordinator  : [Consumer clientId=consumer-outbox-test-consumer-8bd1521b-d230-437e-93c6-510ce1e5374b-3, groupId=outbox-test-consumer-8bd1521b-d230-437e-93c6-510ce1e5374b] Successfully synced group in generation Generation{generationId=1, memberId='consumer-outbox-test-consumer-8bd1521b-d230-437e-93c6-510ce1e5374b-3-e1441b6f-a9ae-4d35-bca5-4302ff1de59b', protocol='range'}
2026-04-11T10:23:12.721Z  INFO 16379 --- [           main] o.a.k.c.c.internals.ConsumerCoordinator  : [Consumer clientId=consumer-outbox-test-consumer-8bd1521b-d230-437e-93c6-510ce1e5374b-3, groupId=outbox-test-consumer-8bd1521b-d230-437e-93c6-510ce1e5374b] Notifying assignor about the new Assignment(partitions=[test-topic-0])
2026-04-11T10:23:12.721Z  INFO 16379 --- [           main] k.c.c.i.ConsumerRebalanceListenerInvoker : [Consumer clientId=consumer-outbox-test-consumer-8bd1521b-d230-437e-93c6-510ce1e5374b-3, groupId=outbox-test-consumer-8bd1521b-d230-437e-93c6-510ce1e5374b] Adding newly assigned partitions: test-topic-0
2026-04-11T10:23:12.723Z  INFO 16379 --- [           main] o.a.k.c.c.internals.ConsumerCoordinator  : [Consumer clientId=consumer-outbox-test-consumer-8bd1521b-d230-437e-93c6-510ce1e5374b-3, groupId=outbox-test-consumer-8bd1521b-d230-437e-93c6-510ce1e5374b] Found no committed offset for partition test-topic-0
2026-04-11T10:23:12.728Z  INFO 16379 --- [           main] o.a.k.c.c.internals.SubscriptionState    : [Consumer clientId=consumer-outbox-test-consumer-8bd1521b-d230-437e-93c6-510ce1e5374b-3, groupId=outbox-test-consumer-8bd1521b-d230-437e-93c6-510ce1e5374b] Resetting offset for partition test-topic-0 to position FetchPosition{offset=26, offsetEpoch=Optional.empty, currentLeader=LeaderAndEpoch{leader=Optional[localhost:32798 (id: 1 rack: null)], epoch=0}}.
2026-04-11T10:23:13.411Z  INFO 16379 --- [           main] k.c.c.i.ConsumerRebalanceListenerInvoker : [Consumer clientId=consumer-outbox-test-consumer-8bd1521b-d230-437e-93c6-510ce1e5374b-3, groupId=outbox-test-consumer-8bd1521b-d230-437e-93c6-510ce1e5374b] Revoke previously assigned partitions test-topic-0
2026-04-11T10:23:13.411Z  INFO 16379 --- [           main] o.a.k.c.c.internals.ConsumerCoordinator  : [Consumer clientId=consumer-outbox-test-consumer-8bd1521b-d230-437e-93c6-510ce1e5374b-3, groupId=outbox-test-consumer-8bd1521b-d230-437e-93c6-510ce1e5374b] Member consumer-outbox-test-consumer-8bd1521b-d230-437e-93c6-510ce1e5374b-3-e1441b6f-a9ae-4d35-bca5-4302ff1de59b sending LeaveGroup request to coordinator localhost:32798 (id: 2147483646 rack: null) due to the consumer is being closed
2026-04-11T10:23:13.412Z  INFO 16379 --- [           main] o.a.k.c.c.internals.ConsumerCoordinator  : [Consumer clientId=consumer-outbox-test-consumer-8bd1521b-d230-437e-93c6-510ce1e5374b-3, groupId=outbox-test-consumer-8bd1521b-d230-437e-93c6-510ce1e5374b] Resetting generation and member id due to: consumer pro-actively leaving the group
2026-04-11T10:23:13.412Z  INFO 16379 --- [           main] o.a.k.c.c.internals.ConsumerCoordinator  : [Consumer clientId=consumer-outbox-test-consumer-8bd1521b-d230-437e-93c6-510ce1e5374b-3, groupId=outbox-test-consumer-8bd1521b-d230-437e-93c6-510ce1e5374b] Request joining group due to: consumer pro-actively leaving the group
2026-04-11T10:23:13.910Z  INFO 16379 --- [           main] o.apache.kafka.common.metrics.Metrics    : Metrics scheduler closed
2026-04-11T10:23:13.910Z  INFO 16379 --- [           main] o.apache.kafka.common.metrics.Metrics    : Closing reporter org.apache.kafka.common.metrics.JmxReporter
2026-04-11T10:23:13.911Z  INFO 16379 --- [           main] o.apache.kafka.common.metrics.Metrics    : Closing reporter org.apache.kafka.common.telemetry.internals.ClientTelemetryReporter
2026-04-11T10:23:13.911Z  INFO 16379 --- [           main] o.apache.kafka.common.metrics.Metrics    : Metrics reporters closed
2026-04-11T10:23:13.915Z  INFO 16379 --- [           main] o.a.kafka.common.utils.AppInfoParser     : App info kafka.consumer for consumer-outbox-test-consumer-8bd1521b-d230-437e-93c6-510ce1e5374b-3 unregistered
]]></system-out>
  </testcase>
</testsuite>