<?xml version="1.0" encoding="UTF-8"?>
<testsuite xmlns:xsi="http://www.w3.org/2001/XMLSchema-instance" xsi:noNamespaceSchemaLocation="https://maven.apache.org/surefire/maven-surefire-plugin/xsd/surefire-test-report.xsd" version="3.0.2" name="com.github.knibel.outbox.domain.BooleanStatusStrategyTest" time="0.007" tests="5" errors="0" skipped="0" failures="0">
  <properties>
[...]
</properties>
  <testcase name="hasInProgressState_isFalse" classname="com.github.knibel.outbox.domain.BooleanStatusStrategyTest" time="0.002"/>
  <testcase name="stuckClause_isNull" classname="com.github.knibel.outbox.domain.BooleanStatusStrategyTest" time="0.001"/>
  <testcase name="failedSetFragment_resetsToPending" classname="com.github.knibel.outbox.domain.BooleanStatusStrategyTest" time="0.002"/>
  <testcase name="pendingClause_usesFalse" classname="com.github.knibel.outbox.domain.BooleanStatusStrategyTest" time="0.0"/>
  <testcase name="doneSetFragment_usesTrue" classname="com.github.knibel.outbox.domain.BooleanStatusStrategyTest" time="0.0"/>
</testsuite>